<?xml version="1.0" encoding="UTF-8"?>
<testsuite xmlns:xsi="http://www.w3.org/2001/XMLSchema-instance" xsi:schemaLocation="https://maven.apache.org/surefire/maven-surefire-plugin/xsd/surefire-test-report.xsd" name="tasks.acceptancetests.AllTests" time="17.186" tests="3" errors="0" skipped="0" failures="0">
  <properties>
[...]
</properties>
  <testcase name="Given I search for &quot;test automation&quot;" classname="Scenario: Searching Google..." time="0.001"/>
  <testcase name="Then I google should show me results!" classname="Scenario: Searching Google..." time="0"/>
  <testcase name="Scenario: Searching Google..." classname="Scenario: Searching Google..." time="0.522"/>
</testsuite>